<?xml version="1.0" encoding="UTF-8"?>
<testng-results ignored="0" total="1" passed="1" failed="0" skipped="0">
  <reporter-output>
  </reporter-output>
  <suite started-at="2023-01-04T11:22:25 IST" name="Default suite" finished-at="2023-01-04T11:22:33 IST" duration-ms="8425">
    <groups>
    </groups>
    <test started-at="2023-01-04T11:22:25 IST" name="Default test" finished-at="2023-01-04T11:22:33 IST" duration-ms="8425">
      <class name="reusable.Context">
        <test-method signature="reusable()[pri:0, instance:reusable.Context@3cebbb30]" started-at="2023-01-04T11:22:25 IST" name="reusable" finished-at="2023-01-04T11:22:33 IST" duration-ms="8380" status="PASS">
          <reporter-output>
          </reporter-output>
        </test-method> <!-- reusable -->
      </class> <!-- reusable.Context -->
    </test> <!-- Default test -->
  </suite> <!-- Default suite -->
</testng-results>
